{
  "RSpec": {
    "coverage": {
      "/Users/elizabethsebian/turing/3module/projects/rails_engine_iai_glory/app/helpers/application_helper.rb": [
        1,
        null
      ],
      "/Users/elizabethsebian/turing/3module/projects/rails_engine_iai_glory/app/helpers/customers_helper.rb": [
        1,
        1,
        0,
        null,
        0,
        0,
        0,
        0,
        0,
        0,
        null,
        0,
        null,
        null,
        null,
        1,
        0,
        0,
        null,
        null,
        null
      ],
      "/Users/elizabethsebian/turing/3module/projects/rails_engine_iai_glory/app/helpers/invoice_items_helper.rb": [
        1,
        1,
        0,
        null,
        0,
        0,
        0,
        0,
        0,
        0,
        null,
        0,
        null,
        null,
        null,
        1,
        0,
        0,
        null,
        null,
        null
      ],
      "/Users/elizabethsebian/turing/3module/projects/rails_engine_iai_glory/app/helpers/invoices_helper.rb": [
        1,
        1,
        0,
        null,
        0,
        0,
        0,
        0,
        0,
        0,
        null,
        0,
        null,
        null,
        null,
        1,
        0,
        0,
        null,
        null,
        null
      ],
      "/Users/elizabethsebian/turing/3module/projects/rails_engine_iai_glory/app/helpers/items_helper.rb": [
        1,
        1,
        0,
        0,
        null,
        0,
        0,
        0,
        0,
        0,
        0,
        null,
        0,
        null,
        null,
        null,
        1,
        0,
        0,
        null,
        null,
        null,
        1,
        0,
        0,
        null,
        null,
        null
      ],
      "/Users/elizabethsebian/turing/3module/projects/rails_engine_iai_glory/app/helpers/merchants_helper.rb": [
        1,
        1,
        0,
        null,
        0,
        0,
        0,
        0,
        0,
        0,
        null,
        0,
        null,
        null,
        null,
        1,
        0,
        0,
        null,
        null,
        null,
        1,
        1,
        1,
        null,
        null,
        null
      ],
      "/Users/elizabethsebian/turing/3module/projects/rails_engine_iai_glory/app/helpers/transactions_helper.rb": [
        1,
        1,
        0,
        null,
        0,
        0,
        0,
        0,
        0,
        0,
        null,
        0,
        null,
        null,
        null,
        1,
        0,
        0,
        null,
        null,
        null
      ],
      "/Users/elizabethsebian/turing/3module/projects/rails_engine_iai_glory/app/models/merchant.rb": [
        1,
        5,
        null,
        1,
        1,
        null
      ],
      "/Users/elizabethsebian/turing/3module/projects/rails_engine_iai_glory/app/models/invoice.rb": [
        1,
        5,
        null,
        1,
        1,
        1,
        1,
        null
      ],
      "/Users/elizabethsebian/turing/3module/projects/rails_engine_iai_glory/app/models/invoice_item.rb": [
        1,
        5,
        null,
        1,
        1,
        null,
        null
      ],
      "/Users/elizabethsebian/turing/3module/projects/rails_engine_iai_glory/app/controllers/api/v1/merchants/analysis_controller.rb": [
        1,
        1,
        null,
        1,
        1,
        1,
        1,
        null,
        null,
        null
      ],
      "/Users/elizabethsebian/turing/3module/projects/rails_engine_iai_glory/app/controllers/application_controller.rb": [
        1,
        null,
        null,
        1,
        null
      ],
      "/Users/elizabethsebian/turing/3module/projects/rails_engine_iai_glory/app/controllers/api/v1/customers/invoices_controller.rb": [
        0,
        0,
        0,
        0,
        0,
        0,
        0,
        0,
        0
      ],
      "/Users/elizabethsebian/turing/3module/projects/rails_engine_iai_glory/app/controllers/api/v1/customers/transactions_controller.rb": [
        0,
        0,
        0,
        0,
        0,
        0,
        0,
        0
      ],
      "/Users/elizabethsebian/turing/3module/projects/rails_engine_iai_glory/app/controllers/api/v1/customers_controller.rb": [
        0,
        0,
        0,
        0,
        0,
        0,
        0,
        0,
        0,
        0,
        0,
        0,
        0,
        0
      ],
      "/Users/elizabethsebian/turing/3module/projects/rails_engine_iai_glory/app/controllers/api/v1/invoice_items/invoices_controller.rb": [
        0,
        0,
        0,
        0,
        0,
        0,
        0,
        0,
        0
      ],
      "/Users/elizabethsebian/turing/3module/projects/rails_engine_iai_glory/app/controllers/api/v1/invoice_items/items_controller.rb": [
        0,
        0,
        0,
        0,
        0,
        0,
        0,
        0
      ],
      "/Users/elizabethsebian/turing/3module/projects/rails_engine_iai_glory/app/controllers/api/v1/invoice_items_controller.rb": [
        0,
        0,
        0,
        0,
        0,
        0,
        0,
        0,
        0,
        0,
        0,
        0,
        0,
        0
      ],
      "/Users/elizabethsebian/turing/3module/projects/rails_engine_iai_glory/app/controllers/api/v1/invoices/customers_controller.rb": [
        0,
        0,
        0,
        0,
        0,
        0,
        0,
        0,
        0
      ],
      "/Users/elizabethsebian/turing/3module/projects/rails_engine_iai_glory/app/controllers/api/v1/invoices/invoice_items_controller.rb": [
        0,
        0,
        0,
        0,
        0,
        0,
        0,
        0,
        0
      ],
      "/Users/elizabethsebian/turing/3module/projects/rails_engine_iai_glory/app/controllers/api/v1/invoices/items_controller.rb": [
        0,
        0,
        0,
        0,
        0,
        0,
        0,
        0,
        0
      ],
      "/Users/elizabethsebian/turing/3module/projects/rails_engine_iai_glory/app/controllers/api/v1/invoices/merchants_controller.rb": [
        0,
        0,
        0,
        0,
        0,
        0,
        0,
        0,
        0
      ],
      "/Users/elizabethsebian/turing/3module/projects/rails_engine_iai_glory/app/controllers/api/v1/invoices/transactions_controller.rb": [
        0,
        0,
        0,
        0,
        0,
        0,
        0,
        0,
        0
      ],
      "/Users/elizabethsebian/turing/3module/projects/rails_engine_iai_glory/app/controllers/api/v1/invoices_controller.rb": [
        0,
        0,
        0,
        0,
        0,
        0,
        0,
        0,
        0,
        0,
        0,
        0,
        0,
        0
      ],
      "/Users/elizabethsebian/turing/3module/projects/rails_engine_iai_glory/app/controllers/api/v1/items/invoice_items_controller.rb": [
        0,
        0,
        0,
        0,
        0,
        0,
        0,
        0,
        0
      ],
      "/Users/elizabethsebian/turing/3module/projects/rails_engine_iai_glory/app/controllers/api/v1/items/merchants_controller.rb": [
        0,
        0,
        0,
        0,
        0,
        0,
        0,
        0,
        0
      ],
      "/Users/elizabethsebian/turing/3module/projects/rails_engine_iai_glory/app/controllers/api/v1/items_controller.rb": [
        0,
        0,
        0,
        0,
        0,
        0,
        0,
        0,
        0,
        0,
        0,
        0,
        0,
        0
      ],
      "/Users/elizabethsebian/turing/3module/projects/rails_engine_iai_glory/app/controllers/api/v1/merchants/invoices_controller.rb": [
        0,
        0,
        0,
        0,
        0,
        0,
        0,
        0,
        0
      ],
      "/Users/elizabethsebian/turing/3module/projects/rails_engine_iai_glory/app/controllers/api/v1/merchants/items_controller.rb": [
        0,
        0,
        0,
        0,
        0,
        0,
        0,
        0,
        0
      ],
      "/Users/elizabethsebian/turing/3module/projects/rails_engine_iai_glory/app/controllers/api/v1/merchants_controller.rb": [
        0,
        0,
        0,
        0,
        0,
        0,
        0,
        0,
        0,
        0,
        0,
        0,
        0,
        0
      ],
      "/Users/elizabethsebian/turing/3module/projects/rails_engine_iai_glory/app/controllers/api/v1/transactions/invoices_controller.rb": [
        0,
        0,
        0,
        0,
        0,
        0,
        0,
        0,
        0
      ],
      "/Users/elizabethsebian/turing/3module/projects/rails_engine_iai_glory/app/controllers/api/v1/transactions_controller.rb": [
        0,
        0,
        0,
        0,
        0,
        0,
        0,
        0,
        0,
        0,
        0,
        0,
        0
      ],
      "/Users/elizabethsebian/turing/3module/projects/rails_engine_iai_glory/app/models/customer.rb": [
        0,
        0,
        0,
        0,
        0
      ],
      "/Users/elizabethsebian/turing/3module/projects/rails_engine_iai_glory/app/models/item.rb": [
        0,
        0,
        0,
        0,
        0
      ],
      "/Users/elizabethsebian/turing/3module/projects/rails_engine_iai_glory/app/models/transaction.rb": [
        0,
        0,
        0,
        0,
        0
      ],
      "/Users/elizabethsebian/turing/3module/projects/rails_engine_iai_glory/app/serializers/invoice_item_serializer.rb": [
        0,
        0,
        0,
        0,
        0,
        0,
        0,
        0,
        0,
        0,
        0,
        0,
        0
      ],
      "/Users/elizabethsebian/turing/3module/projects/rails_engine_iai_glory/app/serializers/item_serializer.rb": [
        0,
        0,
        0,
        0,
        0,
        0,
        0,
        0,
        0,
        0,
        0,
        0,
        0,
        0
      ],
      "/Users/elizabethsebian/turing/3module/projects/rails_engine_iai_glory/app/serializers/transaction_serializer.rb": [
        0,
        0,
        0,
        0,
        0,
        0,
        0,
        0,
        0,
        0,
        0,
        0
      ]
    },
    "timestamp": 1456381293
  }
}
