{
  "RSpec": {
    "coverage": {
      "/Users/elizabethsebian/turing/3module/projects/rails_engine_iai_glory/app/helpers/application_helper.rb": [
        1,
        null
      ],
      "/Users/elizabethsebian/turing/3module/projects/rails_engine_iai_glory/app/helpers/customers_helper.rb": [
        1,
        1,
        13,
        null,
        13,
        9,
        4,
        2,
        2,
        1,
        null,
        1,
        null,
        null,
        null,
        1,
        13,
        11,
        null,
        null,
        null
      ],
      "/Users/elizabethsebian/turing/3module/projects/rails_engine_iai_glory/app/helpers/invoice_items_helper.rb": [
        1,
        1,
        11,
        null,
        11,
        5,
        6,
        4,
        2,
        1,
        null,
        1,
        null,
        null,
        null,
        1,
        11,
        2,
        null,
        null,
        null
      ],
      "/Users/elizabethsebian/turing/3module/projects/rails_engine_iai_glory/app/helpers/invoices_helper.rb": [
        1,
        1,
        11,
        null,
        11,
        8,
        3,
        1,
        2,
        1,
        null,
        1,
        null,
        null,
        null,
        1,
        11,
        9,
        null,
        null,
        null
      ],
      "/Users/elizabethsebian/turing/3module/projects/rails_engine_iai_glory/app/helpers/items_helper.rb": [
        1,
        1,
        20,
        20,
        null,
        20,
        14,
        6,
        4,
        2,
        1,
        null,
        1,
        null,
        null,
        null,
        1,
        20,
        18,
        null,
        null,
        null,
        1,
        20,
        3,
        null,
        null,
        null
      ],
      "/Users/elizabethsebian/turing/3module/projects/rails_engine_iai_glory/app/helpers/merchants_helper.rb": [
        1,
        1,
        8,
        null,
        8,
        5,
        3,
        1,
        2,
        1,
        null,
        1,
        null,
        null,
        null,
        1,
        8,
        6,
        null,
        null,
        null,
        1,
        0,
        0,
        null,
        null,
        null
      ],
      "/Users/elizabethsebian/turing/3module/projects/rails_engine_iai_glory/app/helpers/transactions_helper.rb": [
        1,
        1,
        14,
        null,
        14,
        9,
        5,
        3,
        2,
        1,
        null,
        1,
        null,
        null,
        null,
        1,
        14,
        12,
        null,
        null,
        null
      ],
      "/Users/elizabethsebian/turing/3module/projects/rails_engine_iai_glory/app/models/customer.rb": [
        1,
        68,
        null,
        1,
        null
      ],
      "/Users/elizabethsebian/turing/3module/projects/rails_engine_iai_glory/app/models/invoice.rb": [
        1,
        87,
        1,
        1,
        1,
        1,
        null,
        1,
        0,
        null,
        null
      ],
      "/Users/elizabethsebian/turing/3module/projects/rails_engine_iai_glory/app/controllers/api/v1/customers/invoices_controller.rb": [
        1,
        1,
        null,
        1,
        1,
        1,
        null,
        null,
        null
      ],
      "/Users/elizabethsebian/turing/3module/projects/rails_engine_iai_glory/app/controllers/application_controller.rb": [
        1,
        null,
        null,
        1,
        null
      ],
      "/Users/elizabethsebian/turing/3module/projects/rails_engine_iai_glory/app/models/transaction.rb": [
        1,
        85,
        null,
        1,
        null,
        null
      ],
      "/Users/elizabethsebian/turing/3module/projects/rails_engine_iai_glory/app/controllers/api/v1/customers/transactions_controller.rb": [
        1,
        1,
        null,
        1,
        1,
        1,
        null,
        null
      ],
      "/Users/elizabethsebian/turing/3module/projects/rails_engine_iai_glory/app/serializers/transaction_serializer.rb": [
        1,
        1,
        null,
        null,
        null,
        null,
        null,
        null,
        1,
        26,
        null,
        null
      ],
      "/Users/elizabethsebian/turing/3module/projects/rails_engine_iai_glory/app/controllers/api/v1/customers_controller.rb": [
        1,
        1,
        null,
        1,
        1,
        1,
        null,
        null,
        1,
        13,
        13,
        null,
        null,
        null
      ],
      "/Users/elizabethsebian/turing/3module/projects/rails_engine_iai_glory/app/models/invoice_item.rb": [
        1,
        122,
        1,
        1,
        null,
        1,
        3,
        null,
        null,
        null
      ],
      "/Users/elizabethsebian/turing/3module/projects/rails_engine_iai_glory/app/controllers/api/v1/invoice_items/invoices_controller.rb": [
        1,
        1,
        null,
        1,
        1,
        1,
        null,
        null,
        null
      ],
      "/Users/elizabethsebian/turing/3module/projects/rails_engine_iai_glory/app/models/item.rb": [
        1,
        118,
        null,
        1,
        null
      ],
      "/Users/elizabethsebian/turing/3module/projects/rails_engine_iai_glory/app/controllers/api/v1/invoice_items/items_controller.rb": [
        1,
        1,
        null,
        1,
        1,
        1,
        null,
        null
      ],
      "/Users/elizabethsebian/turing/3module/projects/rails_engine_iai_glory/app/serializers/item_serializer.rb": [
        1,
        1,
        null,
        null,
        null,
        null,
        null,
        null,
        null,
        1,
        33,
        null,
        null,
        null
      ],
      "/Users/elizabethsebian/turing/3module/projects/rails_engine_iai_glory/app/controllers/api/v1/invoice_items_controller.rb": [
        1,
        1,
        null,
        1,
        1,
        1,
        null,
        null,
        1,
        11,
        11,
        null,
        null,
        null
      ],
      "/Users/elizabethsebian/turing/3module/projects/rails_engine_iai_glory/app/serializers/invoice_item_serializer.rb": [
        1,
        1,
        null,
        null,
        null,
        null,
        null,
        null,
        null,
        1,
        29,
        null,
        null
      ],
      "/Users/elizabethsebian/turing/3module/projects/rails_engine_iai_glory/app/controllers/api/v1/invoices/transactions_controller.rb": [
        1,
        1,
        null,
        1,
        1,
        1,
        null,
        null,
        null
      ],
      "/Users/elizabethsebian/turing/3module/projects/rails_engine_iai_glory/app/controllers/api/v1/invoices/invoice_items_controller.rb": [
        1,
        1,
        null,
        1,
        1,
        1,
        null,
        null,
        null
      ],
      "/Users/elizabethsebian/turing/3module/projects/rails_engine_iai_glory/app/controllers/api/v1/invoices/items_controller.rb": [
        1,
        1,
        null,
        1,
        1,
        1,
        null,
        null,
        null
      ],
      "/Users/elizabethsebian/turing/3module/projects/rails_engine_iai_glory/app/controllers/api/v1/invoices/customers_controller.rb": [
        1,
        1,
        null,
        1,
        1,
        1,
        null,
        null,
        null
      ],
      "/Users/elizabethsebian/turing/3module/projects/rails_engine_iai_glory/app/models/merchant.rb": [
        1,
        50,
        1,
        1,
        null,
        1,
        4,
        null,
        null
      ],
      "/Users/elizabethsebian/turing/3module/projects/rails_engine_iai_glory/app/controllers/api/v1/invoices/merchants_controller.rb": [
        1,
        1,
        null,
        1,
        1,
        1,
        null,
        null,
        null
      ],
      "/Users/elizabethsebian/turing/3module/projects/rails_engine_iai_glory/app/controllers/api/v1/invoices_controller.rb": [
        1,
        1,
        null,
        1,
        1,
        1,
        null,
        null,
        1,
        11,
        11,
        null,
        null,
        null
      ],
      "/Users/elizabethsebian/turing/3module/projects/rails_engine_iai_glory/app/controllers/api/v1/items/invoice_items_controller.rb": [
        1,
        1,
        null,
        1,
        1,
        1,
        null,
        null,
        null
      ],
      "/Users/elizabethsebian/turing/3module/projects/rails_engine_iai_glory/app/controllers/api/v1/items/merchants_controller.rb": [
        1,
        1,
        null,
        1,
        1,
        1,
        null,
        null,
        null
      ],
      "/Users/elizabethsebian/turing/3module/projects/rails_engine_iai_glory/app/controllers/api/v1/items_controller.rb": [
        1,
        1,
        null,
        1,
        1,
        1,
        null,
        null,
        1,
        20,
        20,
        null,
        null,
        null
      ],
      "/Users/elizabethsebian/turing/3module/projects/rails_engine_iai_glory/app/controllers/api/v1/merchants/items_controller.rb": [
        1,
        1,
        null,
        1,
        1,
        1,
        null,
        null,
        null
      ],
      "/Users/elizabethsebian/turing/3module/projects/rails_engine_iai_glory/app/controllers/api/v1/merchants/invoices_controller.rb": [
        1,
        1,
        null,
        1,
        1,
        1,
        null,
        null,
        null
      ],
      "/Users/elizabethsebian/turing/3module/projects/rails_engine_iai_glory/app/controllers/api/v1/merchants_controller.rb": [
        1,
        1,
        null,
        1,
        1,
        1,
        null,
        null,
        1,
        8,
        8,
        null,
        null,
        null
      ],
      "/Users/elizabethsebian/turing/3module/projects/rails_engine_iai_glory/app/controllers/api/v1/merchants/revenues_controller.rb": [
        1,
        1,
        null,
        1,
        1,
        null,
        null,
        null,
        null
      ],
      "/Users/elizabethsebian/turing/3module/projects/rails_engine_iai_glory/app/serializers/merchant_revenue_serializer.rb": [
        1,
        1,
        null,
        1,
        0,
        null,
        null,
        1,
        1,
        null,
        null
      ],
      "/Users/elizabethsebian/turing/3module/projects/rails_engine_iai_glory/app/controllers/api/v1/transactions/invoices_controller.rb": [
        1,
        1,
        null,
        1,
        1,
        1,
        null,
        null,
        null
      ],
      "/Users/elizabethsebian/turing/3module/projects/rails_engine_iai_glory/app/controllers/api/v1/transactions_controller.rb": [
        1,
        1,
        null,
        1,
        1,
        1,
        null,
        null,
        1,
        14,
        14,
        null,
        null
      ],
      "/Users/elizabethsebian/turing/3module/projects/rails_engine_iai_glory/app/controllers/api/v1/merchants/analysis_controller.rb": [
        0,
        0,
        0,
        0,
        0,
        0,
        0,
        0
      ]
    },
    "timestamp": 1456410618
  }
}
